make --dry-run --always-make --keep-going --print-directory
make: Entering directory '/home/cyh/os/oslab5'
 
mkdir -p output/myOS/
gcc -m32 --pipe -Wall -fasm -g -O1 -fno-stack-protector	 -c -o output/myOS/start32.o myOS/start32.S
mkdir -p output/myOS/
gcc -I myOS/include -I myOS -m32 -fno-stack-protector -fno-builtin -g -c -o output/myOS/osStart.o myOS/osStart.c
mkdir -p output/myOS/dev/
gcc -I myOS/include -I myOS -m32 -fno-stack-protector -fno-builtin -g -c -o output/myOS/dev/uart.o myOS/dev/uart.c
mkdir -p output/myOS/dev/
gcc -I myOS/include -I myOS -m32 -fno-stack-protector -fno-builtin -g -c -o output/myOS/dev/vga.o myOS/dev/vga.c
mkdir -p output/myOS/dev/
gcc -I myOS/include -I myOS -m32 -fno-stack-protector -fno-builtin -g -c -o output/myOS/dev/i8253.o myOS/dev/i8253.c
mkdir -p output/myOS/dev/
gcc -I myOS/include -I myOS -m32 -fno-stack-protector -fno-builtin -g -c -o output/myOS/dev/i8259A.o myOS/dev/i8259A.c
mkdir -p output/myOS/i386/
gcc -I myOS/include -I myOS -m32 -fno-stack-protector -fno-builtin -g -c -o output/myOS/i386/io.o myOS/i386/io.c
mkdir -p output/myOS/i386/
gcc -m32 --pipe -Wall -fasm -g -O1 -fno-stack-protector	 -c -o output/myOS/i386/irq.o myOS/i386/irq.S
mkdir -p output/myOS/i386/
gcc -I myOS/include -I myOS -m32 -fno-stack-protector -fno-builtin -g -c -o output/myOS/i386/irqs.o myOS/i386/irqs.c
mkdir -p output/myOS/i386/
gcc -m32 --pipe -Wall -fasm -g -O1 -fno-stack-protector	 -c -o output/myOS/i386/CTX_SW.o myOS/i386/CTX_SW.S
mkdir -p output/myOS/printk/
gcc -I myOS/include -I myOS -m32 -fno-stack-protector -fno-builtin -g -c -o output/myOS/printk/myPrintk.o myOS/printk/myPrintk.c
mkdir -p output/myOS/lib/
gcc -I myOS/include -I myOS -m32 -fno-stack-protector -fno-builtin -g -c -o output/myOS/lib/vsprintf.o myOS/lib/vsprintf.c
mkdir -p output/myOS/lib/
gcc -I myOS/include -I myOS -m32 -fno-stack-protector -fno-builtin -g -c -o output/myOS/lib/string.o myOS/lib/string.c
mkdir -p output/myOS/kernel/timer/
gcc -I myOS/include -I myOS -m32 -fno-stack-protector -fno-builtin -g -c -o output/myOS/kernel/timer/tick.o myOS/kernel/timer/tick.c
mkdir -p output/myOS/kernel/timer/
gcc -I myOS/include -I myOS -m32 -fno-stack-protector -fno-builtin -g -c -o output/myOS/kernel/timer/wallClock.o myOS/kernel/timer/wallClock.c
mkdir -p output/myOS/kernel/mem/
gcc -I myOS/include -I myOS -m32 -fno-stack-protector -fno-builtin -g -c -o output/myOS/kernel/mem/pMemInit.o myOS/kernel/mem/pMemInit.c
mkdir -p output/myOS/kernel/mem/
gcc -I myOS/include -I myOS -m32 -fno-stack-protector -fno-builtin -g -c -o output/myOS/kernel/mem/dPartition.o myOS/kernel/mem/dPartition.c
mkdir -p output/myOS/kernel/mem/
gcc -I myOS/include -I myOS -m32 -fno-stack-protector -fno-builtin -g -c -o output/myOS/kernel/mem/eFPartition.o myOS/kernel/mem/eFPartition.c
 
mkdir -p output/myOS/kernel/mem/
gcc -I myOS/include -I myOS -m32 -fno-stack-protector -fno-builtin -g -c -o output/myOS/kernel/mem/malloc.o myOS/kernel/mem/malloc.c
mkdir -p output/myOS/kernel/task/
gcc -I myOS/include -I myOS -m32 -fno-stack-protector -fno-builtin -g -c -o output/myOS/kernel/task/task.o myOS/kernel/task/task.c
mkdir -p output/myOS/kernel/task/
gcc -I myOS/include -I myOS -m32 -fno-stack-protector -fno-builtin -g -c -o output/myOS/kernel/task/taskQueue.o myOS/kernel/task/taskQueue.c
mkdir -p output/userApp/
gcc -I myOS/include -I myOS -m32 -fno-stack-protector -fno-builtin -g -c -o output/userApp/main.o userApp/main.c
mkdir -p output/userApp/
gcc -I myOS/include -I myOS -m32 -fno-stack-protector -fno-builtin -g -c -o output/userApp/shell.o userApp/shell.c
mkdir -p output/userApp/
gcc -I myOS/include -I myOS -m32 -fno-stack-protector -fno-builtin -g -c -o output/userApp/memTestCase.o userApp/memTestCase.c
mkdir -p output/userApp/
gcc -I myOS/include -I myOS -m32 -fno-stack-protector -fno-builtin -g -c -o output/userApp/taskTestCase.o userApp/taskTestCase.c
mkdir -p output/multibootheader/
gcc -m32 --pipe -Wall -fasm -g -O1 -fno-stack-protector	 -c -o output/multibootheader/multibootHeader.o multibootheader/multibootHeader.S
ld -n -T myOS/myOS.ld output/multibootheader/multibootHeader.o output/myOS/start32.o output/myOS/osStart.o output/myOS/dev/uart.o output/myOS/dev/vga.o output/myOS/dev/i8253.o output/myOS/dev/i8259A.o output/myOS/i386/io.o output/myOS/i386/irq.o output/myOS/i386/irqs.o output/myOS/i386/CTX_SW.o output/myOS/printk/myPrintk.o output/myOS/lib/vsprintf.o output/myOS/lib/string.o output/myOS/kernel/timer/tick.o output/myOS/kernel/timer/wallClock.o output/myOS/kernel/mem/pMemInit.o output/myOS/kernel/mem/dPartition.o output/myOS/kernel/mem/eFPartition.o output/myOS/kernel/mem/malloc.o output/myOS/kernel/task/task.o output/myOS/kernel/task/taskQueue.o output/userApp/main.o output/userApp/shell.o output/userApp/memTestCase.o output/userApp/taskTestCase.o -o output/myOS.elf
make: Leaving directory '/home/cyh/os/oslab5'
 
