make all --print-data-base --no-builtin-variables --no-builtin-rules --question
# GNU Make 4.2.1
# Built for x86_64-pc-linux-gnu
# Copyright (C) 1988-2016 Free Software Foundation, Inc.
# License GPLv3+: GNU GPL version 3 or later <http://gnu.org/licenses/gpl.html>
# This is free software: you are free to change and redistribute it.
# There is NO WARRANTY, to the extent permitted by law.

# Make data base, printed on Sat Jun 18 21:21:52 2022

# Variables

# 'override' directive
GNUMAKEFLAGS := 
# automatic
<D = $(patsubst %/,%,$(dir $<))
# automatic
?F = $(notdir $?)
# environment
DESKTOP_SESSION = ubuntu
# default
.SHELLFLAGS := -c
# environment
XDG_SESSION_CLASS = user
# environment
XDG_SESSION_TYPE = x11
# environment
VSCODE_LOG_NATIVE = false
# automatic
?D = $(patsubst %/,%,$(dir $?))
# environment
IM_CONFIG_PHASE = 1
# automatic
@D = $(patsubst %/,%,$(dir $@))
# environment
XAUTHORITY = /run/user/1000/gdm/Xauthority
# environment
GDMSESSION = ubuntu
# environment
XMODIFIERS = @im=fcitx
# makefile
CURDIR := /home/cyh/os/oslab5
# makefile
SHELL = /bin/sh
# environment
VSCODE_NLS_CONFIG = {"locale":"zh-cn","availableLanguages":{"*":"zh-cn"},"_languagePackId":"7e2798734d22b5386c06852fa8a7c560.zh-cn","_translationsConfigFile":"/home/cyh/.config/Code/clp/7e2798734d22b5386c06852fa8a7c560.zh-cn/tcf.json","_cacheRoot":"/home/cyh/.config/Code/clp/7e2798734d22b5386c06852fa8a7c560.zh-cn","_resolvedLanguagePackCoreLocation":"/home/cyh/.config/Code/clp/7e2798734d22b5386c06852fa8a7c560.zh-cn/379476f0e13988d90fab105c5c19e7abc8b1dea8","_corruptedFile":"/home/cyh/.config/Code/clp/7e2798734d22b5386c06852fa8a7c560.zh-cn/corrupted.info","_languagePackSupport":true}
# environment
_ = /usr/share/code/code
# environment
JOURNAL_STREAM = 8:43738
# environment
XDG_CONFIG_DIRS = /etc/xdg/xdg-ubuntu:/etc/xdg
# makefile (from '/home/cyh/os/oslab5/userApp/Makefile', line 1)
MAKEFILE_LIST :=  Makefile /home/cyh/os/oslab5/myOS/Makefile /home/cyh/os/oslab5/myOS/dev/Makefile /home/cyh/os/oslab5/myOS/i386/Makefile /home/cyh/os/oslab5/myOS/printk/Makefile /home/cyh/os/oslab5/myOS/lib/Makefile /home/cyh/os/oslab5/myOS/kernel/Makefile /home/cyh/os/oslab5/myOS/kernel/timer/Makefile /home/cyh/os/oslab5/myOS/kernel/mem/Makefile /home/cyh/os/oslab5/myOS/kernel/task/Makefile /home/cyh/os/oslab5/userApp/Makefile
# automatic
@F = $(notdir $@)
# environment
GIO_LAUNCHED_DESKTOP_FILE = /usr/share/applications/code.desktop
# environment
USERNAME = cyh
# environment
MAKELEVEL := 0
# environment
XDG_DATA_DIRS = /usr/share/ubuntu:/usr/local/share/:/usr/share/:/var/lib/snapd/desktop
# environment
DBUS_SESSION_BUS_ADDRESS = unix:path=/run/user/1000/bus
# environment
VSCODE_VERBOSE_LOGGING = true
# environment
MANAGERPID = 1290
# environment
CLUTTER_IM_MODULE = fcitx
# environment
LESSOPEN = | /usr/bin/lesspipe %s
# environment
LC_NAME = zh_CN.UTF-8
# environment
VSCODE_CWD = /home/cyh
# default
MAKE_HOST := x86_64-pc-linux-gnu
# environment
PATH = /home/cyh/.local/bin:/home/cyh/bin:/home/cyh/anaconda3/bin:/home/cyh/.local/bin:/home/cyh/bin:/usr/local/sbin:/usr/local/bin:/usr/sbin:/usr/bin:/sbin:/bin:/usr/games:/usr/local/games:/snap/bin:/usr/local/cuda-11.4/bin
# makefile (from '/home/cyh/os/oslab5/myOS/lib/Makefile', line 1)
LIB_OBJS = output/myOS/lib/vsprintf.o output/myOS/lib/string.o
# environment
GPG_AGENT_INFO = /run/user/1000/gnupg/S.gpg-agent:0:1
# environment
GJS_DEBUG_OUTPUT = stderr
# environment
SESSION_MANAGER = local/cyh-ROG-Strix-G732LWS-G732LWS:@/tmp/.ICE-unix/1622,unix/cyh-ROG-Strix-G732LWS-G732LWS:/tmp/.ICE-unix/1622
# environment
XDG_RUNTIME_DIR = /run/user/1000
# environment
XDG_MENU_PREFIX = gnome-
# environment
VSCODE_LOG_STACK = false
# environment
VSCODE_CRASH_REPORTER_START_OPTIONS = {"companyName":"Microsoft","productName":"VSCode","submitURL":"appcenter://code?aid=fba07a4d-84bd-4fc8-a125-9640fc8ce171&uid=81604646-013e-413f-8d57-431a6bafab2c&iid=81604646-013e-413f-8d57-431a6bafab2c&sid=81604646-013e-413f-8d57-431a6bafab2c","uploadToServer":true}
# environment
INVOCATION_ID = 69bb7b91445844909b61746d2a03ab03
# default
.FEATURES := target-specific order-only second-expansion else-if shortest-stem undefine oneshell archives jobserver output-sync check-symlink load
# makefile (from 'Makefile', line 4)
ASM_FLAGS = -m32 --pipe -Wall -fasm -g -O1 -fno-stack-protector	
# environment
LS_COLORS = 
# environment
XDG_SESSION_DESKTOP = ubuntu
# environment
SSH_AUTH_SOCK = /run/user/1000/keyring/ssh
# environment
GIO_LAUNCHED_DESKTOP_FILE_PID = 3425
# automatic
%F = $(notdir $%)
# environment
DISPLAY = :0
# makefile (from '/home/cyh/os/oslab5/myOS/dev/Makefile', line 1)
DEV_OBJS = output/myOS/dev/uart.o output/myOS/dev/vga.o output/myOS/dev/i8253.o output/myOS/dev/i8259A.o
# environment
GTK_IM_MODULE = fcitx
# environment
VSCODE_PIPE_LOGGING = true
# environment
PWD = /home/cyh/os/oslab5
# default
.LOADED := 
# environment
SSH_AGENT_PID = 1578
# makefile (from '/home/cyh/os/oslab5/myOS/Makefile', line 7)
MYOS_OBJS = output/myOS/start32.o output/myOS/osStart.o ${DEV_OBJS} ${I386_OBJS} ${PRINTK_OBJS} ${LIB_OBJS} ${KERNEL_OBJS}
# environment
ORIGINAL_XDG_CURRENT_DESKTOP = ubuntu:GNOME
# environment
GTK_MODULES = gail:atk-bridge
# environment
VSCODE_AMD_ENTRYPOINT = vs/workbench/services/extensions/node/extensionHostProcess
# environment
HOME = /home/cyh
# environment
LD_LIBRARY_PATH = :/usr/local/cuda-11.4/lib64
# environment
LESSCLOSE = /usr/bin/lesspipe %s %s
# environment
VSCODE_CODE_CACHE_PATH = /home/cyh/.config/Code/CachedData/379476f0e13988d90fab105c5c19e7abc8b1dea8
# makefile (from '/home/cyh/os/oslab5/myOS/printk/Makefile', line 1)
PRINTK_OBJS = output/myOS/printk/myPrintk.o
# environment
LOGNAME = cyh
# environment
APPLICATION_INSIGHTS_NO_DIAGNOSTIC_CHANNEL = true
# automatic
+F = $(notdir $+)
# environment
VSCODE_HANDLES_UNCAUGHT_ERRORS = true
# environment
GNOME_DESKTOP_SESSION_ID = this-is-deprecated
# automatic
^D = $(patsubst %/,%,$(dir $^))
# environment
LC_TIME = zh_CN.UTF-8
# default
MAKE = $(MAKE_COMMAND)
# default
MAKECMDGOALS := all
# environment
QT_IM_MODULE = fcitx
# environment
SHLVL = 0
# makefile (from 'Makefile', line 14)
OS_OBJS = ${MYOS_OBJS} ${USER_APP_OBJS}
# environment
GNOME_SHELL_SESSION_MODE = ubuntu
# environment
VSCODE_IPC_HOOK_EXTHOST = /run/user/1000/vscode-ipc-c115fcbb-e105-43f1-89e3-155662e6e150.sock
# default
MAKE_VERSION := 4.2.1
# environment
USER = cyh
# environment
LC_MONETARY = zh_CN.UTF-8
# makefile
.DEFAULT_GOAL := all
# environment
XDG_CURRENT_DESKTOP = Unity
# makefile (from '/home/cyh/os/oslab5/myOS/kernel/task/Makefile', line 1)
TASK_OBJS = output/myOS/kernel/task/task.o output/myOS/kernel/task/taskQueue.o
# makefile (from '/home/cyh/os/oslab5/myOS/kernel/timer/Makefile', line 1)
TIMER_OBJS = output/myOS/kernel/timer/tick.o output/myOS/kernel/timer/wallClock.o
# automatic
%D = $(patsubst %/,%,$(dir $%))
# environment
LC_TELEPHONE = zh_CN.UTF-8
# makefile (from '/home/cyh/os/oslab5/myOS/kernel/mem/Makefile', line 1)
MEM_OBJS = output/myOS/kernel/mem/pMemInit.o output/myOS/kernel/mem/dPartition.o output/myOS/kernel/mem/eFPartition.o output/myOS/kernel/mem/malloc.o
# default
MAKE_COMMAND := make
# default
.VARIABLES := 
# automatic
*F = $(notdir $*)
# environment
LANGUAGE = zh_CN:zh:en_US:en
# environment
VSCODE_IPC_HOOK = /run/user/1000/vscode-40045b5f-1.59.0-main.sock
# makefile
MAKEFLAGS = pqrR
# environment
MFLAGS = -pqrR
# automatic
*D = $(patsubst %/,%,$(dir $*))
# environment
BREAKPAD_DUMP_LOCATION = /home/cyh/.config/Code/exthost Crash Reports
# automatic
+D = $(patsubst %/,%,$(dir $+))
# environment
GDK_BACKEND = x11
# environment
LC_PAPER = zh_CN.UTF-8
# makefile (from 'Makefile', line 1)
SRC_RT = $(shell pwd)
# environment
QT_ACCESSIBILITY = 1
# environment
CUDA_HOME = :/usr/local/cuda-11.4
# makefile (from 'Makefile', line 3)
CROSS_COMPILE = 
# makefile (from '/home/cyh/os/oslab5/myOS/i386/Makefile', line 1)
I386_OBJS = output/myOS/i386/io.o output/myOS/i386/irq.o output/myOS/i386/irqs.o output/myOS/i386/CTX_SW.o
# 'override' directive
.SHELLSTATUS := 0
# default
MAKEFILES := 
# environment
LC_NUMERIC = zh_CN.UTF-8
# environment
VSCODE_BROWSER_CODE_LOADING = bypassHeatCheck
# automatic
<F = $(notdir $<)
# makefile (from '/home/cyh/os/oslab5/userApp/Makefile', line 1)
USER_APP_OBJS = output/userApp/main.o output/userApp/shell.o output/userApp/memTestCase.o output/userApp/taskTestCase.o
# makefile (from 'Makefile', line 10)
MULTI_BOOT_HEADER = output/multibootheader/multibootHeader.o
# environment
ELECTRON_RUN_AS_NODE = 1
# environment
LC_MEASUREMENT = zh_CN.UTF-8
# makefile (from 'Makefile', line 5)
C_FLAGS = -m32 -fno-stack-protector -fno-builtin -g
# environment
LC_ALL = C
# makefile (from '/home/cyh/os/oslab5/myOS/kernel/Makefile', line 5)
KERNEL_OBJS = ${TIMER_OBJS} ${MEM_OBJS} ${TASK_OBJS}
# environment
QT4_IM_MODULE = fcitx
# environment
GJS_DEBUG_TOPICS = JS ERROR;JS LOG
# automatic
^F = $(notdir $^)
# default
SUFFIXES := 
# environment
CHROME_DESKTOP = code-url-handler.desktop
# environment
WINDOWPATH = 2
# default
.INCLUDE_DIRS = /usr/include /usr/local/include /usr/include
# environment
LC_IDENTIFICATION = zh_CN.UTF-8
# default
.RECIPEPREFIX := 
# environment
LC_ADDRESS = zh_CN.UTF-8
# environment
LANG = C
# environment
VSCODE_PID = 3425
# variable set hash-table stats:
# Load=132/1024=13%, Rehash=0, Collisions=36/238=15%

# Pattern-specific Variable Values

# No pattern-specific variable values.

# Directories

# . (device 2056, inode 8914325): 9 files, no impossibilities.
# myOS/kernel/mem (device 2056, inode 8914358): 7 files, no impossibilities.
# multibootheader (device 2056, inode 8914327): 2 files, no impossibilities so far.
# myOS/kernel/task (device 2056, inode 8914364): 5 files, no impossibilities.
# myOS/lib (device 2056, inode 8914370): 5 files, no impossibilities.
# myOS/dev (device 2056, inode 8914330): 7 files, no impossibilities.
# userApp (device 2056, inode 8914383): 10 files, no impossibilities.
# myOS/printk (device 2056, inode 8914377): 4 files, no impossibilities.
# myOS/kernel/timer (device 2056, inode 8914366): 5 files, no impossibilities.
# myOS (device 2056, inode 8914329): 13 files, no impossibilities.
# myOS/i386 (device 2056, inode 8914336): 7 files, no impossibilities.

# 74 files, no impossibilities in 11 directories.

# Implicit Rules

output/%.o: %.S
#  recipe to execute (from 'Makefile', line 20):
 
	@mkdir -p $(dir $@)
	@${CROSS_COMPILE}gcc ${ASM_FLAGS} -c -o $@ $<

output/%.o: %.c
#  recipe to execute (from 'Makefile', line 24):
	@mkdir -p $(dir $@)
	@${CROSS_COMPILE}gcc -I myOS/include -I myOS ${C_FLAGS} -c -o $@ $<

# 2 implicit rules, 0 (0.0%) terminal.

# Files

# Not a target:
myOS/osStart.c:
#  Implicit rule search has been done.
#  Last modified 2022-06-09 15:31:00.275504876
#  File has been updated.
#  Successfully updated.

output/myOS/dev/vga.o: myOS/dev/vga.c
#  Implicit rule search has been done.
#  Implicit/static pattern stem: 'myOS/dev/vga'
#  Last modified 2022-06-18 21:21:18.911490897
#  File has been updated.
#  Successfully updated.
#  recipe to execute (from 'Makefile', line 24):
	@mkdir -p $(dir $@)
	@${CROSS_COMPILE}gcc -I myOS/include -I myOS ${C_FLAGS} -c -o $@ $<

# Not a target:
myOS/i386/irq.S:
#  Implicit rule search has been done.
#  Last modified 2022-04-03 23:55:32
#  File has been updated.
#  Successfully updated.

output/myOS/i386/io.o: myOS/i386/io.c
#  Implicit rule search has been done.
#  Implicit/static pattern stem: 'myOS/i386/io'
#  Last modified 2022-06-18 21:21:18.947490912
#  File has been updated.
#  Successfully updated.
#  recipe to execute (from 'Makefile', line 24):
	@mkdir -p $(dir $@)
	@${CROSS_COMPILE}gcc -I myOS/include -I myOS ${C_FLAGS} -c -o $@ $<

# Not a target:
/home/cyh/os/oslab5/myOS/Makefile:
#  Implicit rule search has been done.
#  Last modified 2022-04-08 17:19:00
#  File has been updated.
#  Successfully updated.

output/myOS/i386/CTX_SW.o: myOS/i386/CTX_SW.S
#  Implicit rule search has been done.
#  Implicit/static pattern stem: 'myOS/i386/CTX_SW'
#  Last modified 2022-06-18 21:21:18.96749092
#  File has been updated.
#  Successfully updated.
#  recipe to execute (from 'Makefile', line 20):
	@mkdir -p $(dir $@)
	@${CROSS_COMPILE}gcc ${ASM_FLAGS} -c -o $@ $<

output/myOS/dev/i8253.o: myOS/dev/i8253.c
#  Implicit rule search has been done.
#  Implicit/static pattern stem: 'myOS/dev/i8253'
#  Last modified 2022-06-18 21:21:18.923490901
#  File has been updated.
#  Successfully updated.
#  recipe to execute (from 'Makefile', line 24):
	@mkdir -p $(dir $@)
	@${CROSS_COMPILE}gcc -I myOS/include -I myOS ${C_FLAGS} -c -o $@ $<

# Not a target:
myOS/kernel/timer/wallClock.c:
#  Implicit rule search has been done.
#  Last modified 2022-05-17 16:39:16
#  File has been updated.
#  Successfully updated.

all: output/myOS.elf
#  Phony target (prerequisite of .PHONY).
#  Command line target.
#  Implicit rule search has not been done.
#  File does not exist.
#  File has been updated.
#  Successfully updated.

# Not a target:
userApp/shell.c:
#  Implicit rule search has been done.
#  Last modified 2022-05-17 19:07:34
#  File has been updated.
#  Successfully updated.

.PHONY: all
#  Implicit rule search has not been done.
#  Modification time never checked.
#  File has not been updated.

output/myOS/kernel/mem/pMemInit.o: myOS/kernel/mem/pMemInit.c
#  Implicit rule search has been done.
#  Implicit/static pattern stem: 'myOS/kernel/mem/pMemInit'
#  Last modified 2022-06-18 21:21:19.05949096
#  File has been updated.
#  Successfully updated.
#  recipe to execute (from 'Makefile', line 24):
	@mkdir -p $(dir $@)
	@${CROSS_COMPILE}gcc -I myOS/include -I myOS ${C_FLAGS} -c -o $@ $<

output/myOS.elf: output/myOS/start32.o output/myOS/osStart.o output/myOS/dev/uart.o output/myOS/dev/vga.o output/myOS/dev/i8253.o output/myOS/dev/i8259A.o output/myOS/i386/io.o output/myOS/i386/irq.o output/myOS/i386/irqs.o output/myOS/i386/CTX_SW.o output/myOS/printk/myPrintk.o output/myOS/lib/vsprintf.o output/myOS/lib/string.o output/myOS/kernel/timer/tick.o output/myOS/kernel/timer/wallClock.o output/myOS/kernel/mem/pMemInit.o output/myOS/kernel/mem/dPartition.o output/myOS/kernel/mem/eFPartition.o output/myOS/kernel/mem/malloc.o output/myOS/kernel/task/task.o output/myOS/kernel/task/taskQueue.o output/userApp/main.o output/userApp/shell.o output/userApp/memTestCase.o output/userApp/taskTestCase.o output/multibootheader/multibootHeader.o
#  Implicit rule search has not been done.
#  Last modified 2022-06-18 21:21:19.231491034
#  File has been updated.
#  Successfully updated.
#  recipe to execute (from 'Makefile', line 17):
	${CROSS_COMPILE}ld -n -T myOS/myOS.ld ${MULTI_BOOT_HEADER} ${OS_OBJS} -o output/myOS.elf

# Not a target:
myOS/i386/irqs.c:
#  Implicit rule search has been done.
#  Last modified 2022-05-17 16:26:22
#  File has been updated.
#  Successfully updated.

# Not a target:
myOS/kernel/task/task.c:
#  Implicit rule search has been done.
#  Last modified 2022-06-17 23:16:57.119729361
#  File has been updated.
#  Successfully updated.

# Not a target:
myOS/start32.S:
#  Implicit rule search has been done.
#  Last modified 2022-05-17 17:27:18
#  File has been updated.
#  Successfully updated.

# Not a target:
/home/cyh/os/oslab5/myOS/dev/Makefile:
#  Implicit rule search has been done.
#  Last modified 2022-04-03 23:55:00
#  File has been updated.
#  Successfully updated.

# Not a target:
/home/cyh/os/oslab5/myOS/kernel/Makefile:
#  Implicit rule search has been done.
#  Last modified 2022-06-09 11:19:16.390978134
#  File has been updated.
#  Successfully updated.

# Not a target:
myOS/kernel/mem/malloc.c:
#  Implicit rule search has been done.
#  Last modified 2022-05-17 17:09:30
#  File has been updated.
#  Successfully updated.

# Not a target:
/home/cyh/os/oslab5/myOS/printk/Makefile:
#  Implicit rule search has been done.
#  Last modified 2021-05-03 01:53:28
#  File has been updated.
#  Successfully updated.

output/myOS/dev/i8259A.o: myOS/dev/i8259A.c
#  Implicit rule search has been done.
#  Implicit/static pattern stem: 'myOS/dev/i8259A'
#  Last modified 2022-06-18 21:21:18.935490907
#  File has been updated.
#  Successfully updated.
#  recipe to execute (from 'Makefile', line 24):
	@mkdir -p $(dir $@)
	@${CROSS_COMPILE}gcc -I myOS/include -I myOS ${C_FLAGS} -c -o $@ $<

# Not a target:
Makefile:
#  Implicit rule search has been done.
#  Last modified 2022-03-15 13:44:18
#  File has been updated.
#  Successfully updated.

output/multibootheader/multibootHeader.o: multibootheader/multibootHeader.S
#  Implicit rule search has been done.
#  Implicit/static pattern stem: 'multibootheader/multibootHeader'
#  Last modified 2022-06-18 21:21:19.227491033
#  File has been updated.
#  Successfully updated.
#  recipe to execute (from 'Makefile', line 20):
	@mkdir -p $(dir $@)
	@${CROSS_COMPILE}gcc ${ASM_FLAGS} -c -o $@ $<

output/userApp/memTestCase.o: userApp/memTestCase.c
#  Implicit rule search has been done.
#  Implicit/static pattern stem: 'userApp/memTestCase'
#  Last modified 2022-06-18 21:21:19.207491024
#  File has been updated.
#  Successfully updated.
#  recipe to execute (from 'Makefile', line 24):
	@mkdir -p $(dir $@)
	@${CROSS_COMPILE}gcc -I myOS/include -I myOS ${C_FLAGS} -c -o $@ $<

output/userApp/main.o: userApp/main.c
#  Implicit rule search has been done.
#  Implicit/static pattern stem: 'userApp/main'
#  Last modified 2022-06-18 21:21:19.155491001
#  File has been updated.
#  Successfully updated.
#  recipe to execute (from 'Makefile', line 24):
	@mkdir -p $(dir $@)
	@${CROSS_COMPILE}gcc -I myOS/include -I myOS ${C_FLAGS} -c -o $@ $<

output/myOS/kernel/mem/dPartition.o: myOS/kernel/mem/dPartition.c
#  Implicit rule search has been done.
#  Implicit/static pattern stem: 'myOS/kernel/mem/dPartition'
#  Last modified 2022-06-18 21:21:19.079490969
#  File has been updated.
#  Successfully updated.
#  recipe to execute (from 'Makefile', line 24):
	@mkdir -p $(dir $@)
	@${CROSS_COMPILE}gcc -I myOS/include -I myOS ${C_FLAGS} -c -o $@ $<

# Not a target:
myOS/lib/string.c:
#  Implicit rule search has been done.
#  Last modified 2022-05-17 17:40:22
#  File has been updated.
#  Successfully updated.

output/myOS/kernel/mem/eFPartition.o: myOS/kernel/mem/eFPartition.c
#  Implicit rule search has been done.
#  Implicit/static pattern stem: 'myOS/kernel/mem/eFPartition'
#  Last modified 2022-06-18 21:21:19.095490976
#  File has been updated.
#  Successfully updated.
#  recipe to execute (from 'Makefile', line 24):
	@mkdir -p $(dir $@)
	@${CROSS_COMPILE}gcc -I myOS/include -I myOS ${C_FLAGS} -c -o $@ $<

# Not a target:
myOS/lib/vsprintf.c:
#  Implicit rule search has been done.
#  Last modified 2022-05-17 17:44:42
#  File has been updated.
#  Successfully updated.

# Not a target:
myOS/kernel/task/taskQueue.c:
#  Implicit rule search has been done.
#  Last modified 2022-06-17 23:23:34.012472098
#  File has been updated.
#  Successfully updated.

output/myOS/kernel/timer/tick.o: myOS/kernel/timer/tick.c
#  Implicit rule search has been done.
#  Implicit/static pattern stem: 'myOS/kernel/timer/tick'
#  Last modified 2022-06-18 21:21:19.031490948
#  File has been updated.
#  Successfully updated.
#  recipe to execute (from 'Makefile', line 24):
	@mkdir -p $(dir $@)
	@${CROSS_COMPILE}gcc -I myOS/include -I myOS ${C_FLAGS} -c -o $@ $<

output/myOS/osStart.o: myOS/osStart.c
#  Implicit rule search has been done.
#  Implicit/static pattern stem: 'myOS/osStart'
#  Last modified 2022-06-18 21:21:18.879490882
#  File has been updated.
#  Successfully updated.
#  recipe to execute (from 'Makefile', line 24):
	@mkdir -p $(dir $@)
	@${CROSS_COMPILE}gcc -I myOS/include -I myOS ${C_FLAGS} -c -o $@ $<

# Not a target:
myOS/printk/myPrintk.c:
#  Implicit rule search has been done.
#  Last modified 2022-04-03 15:08:22
#  File has been updated.
#  Successfully updated.

# Not a target:
userApp/memTestCase.c:
#  Implicit rule search has been done.
#  Last modified 2022-05-17 19:07:24
#  File has been updated.
#  Successfully updated.

# Not a target:
userApp/main.c:
#  Implicit rule search has been done.
#  Last modified 2022-06-09 20:11:47.483674733
#  File has been updated.
#  Successfully updated.

# Not a target:
/home/cyh/os/oslab5/myOS/lib/Makefile:
#  Implicit rule search has been done.
 
#  Last modified 2022-04-03 14:35:04
#  File has been updated.
#  Successfully updated.

output/myOS/kernel/timer/wallClock.o: myOS/kernel/timer/wallClock.c
#  Implicit rule search has been done.
#  Implicit/static pattern stem: 'myOS/kernel/timer/wallClock'
#  Last modified 2022-06-18 21:21:19.047490955
#  File has been updated.
#  Successfully updated.
#  recipe to execute (from 'Makefile', line 24):
	@mkdir -p $(dir $@)
	@${CROSS_COMPILE}gcc -I myOS/include -I myOS ${C_FLAGS} -c -o $@ $<

output/myOS/i386/irqs.o: myOS/i386/irqs.c
#  Implicit rule search has been done.
#  Implicit/static pattern stem: 'myOS/i386/irqs'
#  Last modified 2022-06-18 21:21:18.963490919
#  File has been updated.
#  Successfully updated.
#  recipe to execute (from 'Makefile', line 24):
	@mkdir -p $(dir $@)
	@${CROSS_COMPILE}gcc -I myOS/include -I myOS ${C_FLAGS} -c -o $@ $<

output/myOS/kernel/task/task.o: myOS/kernel/task/task.c
#  Implicit rule search has been done.
#  Implicit/static pattern stem: 'myOS/kernel/task/task'
#  Last modified 2022-06-18 21:21:19.127490989
#  File has been updated.
#  Successfully updated.
#  recipe to execute (from 'Makefile', line 24):
	@mkdir -p $(dir $@)
	@${CROSS_COMPILE}gcc -I myOS/include -I myOS ${C_FLAGS} -c -o $@ $<

# Not a target:
.DEFAULT:
#  Implicit rule search has not been done.
#  Modification time never checked.
#  File has not been updated.

# Not a target:
myOS/dev/uart.c:
#  Implicit rule search has been done.
#  Last modified 2022-04-08 16:38:58
#  File has been updated.
#  Successfully updated.

output/userApp/taskTestCase.o: userApp/taskTestCase.c
#  Implicit rule search has been done.
#  Implicit/static pattern stem: 'userApp/taskTestCase'
#  Last modified 2022-06-18 21:21:19.219491029
#  File has been updated.
#  Successfully updated.
#  recipe to execute (from 'Makefile', line 24):
	@mkdir -p $(dir $@)
	@${CROSS_COMPILE}gcc -I myOS/include -I myOS ${C_FLAGS} -c -o $@ $<

output/myOS/start32.o: myOS/start32.S
#  Implicit rule search has been done.
#  Implicit/static pattern stem: 'myOS/start32'
#  Last modified 2022-06-18 21:21:18.867490878
#  File has been updated.
#  Successfully updated.
#  recipe to execute (from 'Makefile', line 20):
	@mkdir -p $(dir $@)
	@${CROSS_COMPILE}gcc ${ASM_FLAGS} -c -o $@ $<

output/myOS/kernel/mem/malloc.o: myOS/kernel/mem/malloc.c
#  Implicit rule search has been done.
#  Implicit/static pattern stem: 'myOS/kernel/mem/malloc'
#  Last modified 2022-06-18 21:21:19.107490981
#  File has been updated.
#  Successfully updated.
#  recipe to execute (from 'Makefile', line 24):
	@mkdir -p $(dir $@)
	@${CROSS_COMPILE}gcc -I myOS/include -I myOS ${C_FLAGS} -c -o $@ $<

# Not a target:
/home/cyh/os/oslab5/myOS/i386/Makefile:
#  Implicit rule search has been done.
#  Last modified 2022-06-09 14:32:32.561019194
#  File has been updated.
#  Successfully updated.

# Not a target:
myOS/dev/vga.c:
#  Implicit rule search has been done.
#  Last modified 2022-05-17 18:58:38
#  File has been updated.
#  Successfully updated.

# Not a target:
/home/cyh/os/oslab5/myOS/kernel/mem/Makefile:
#  Implicit rule search has been done.
#  Last modified 2022-05-17 16:41:22
#  File has been updated.
#  Successfully updated.

# Not a target:
myOS/i386/io.c:
#  Implicit rule search has been done.
#  Last modified 2022-04-03 23:52:42
#  File has been updated.
#  Successfully updated.

# Not a target:
myOS/i386/CTX_SW.S:
#  Implicit rule search has been done.
#  Last modified 2022-06-09 14:50:04.944962114
#  File has been updated.
#  Successfully updated.

output/myOS/i386/irq.o: myOS/i386/irq.S
#  Implicit rule search has been done.
#  Implicit/static pattern stem: 'myOS/i386/irq'
#  Last modified 2022-06-18 21:21:18.951490914
#  File has been updated.
#  Successfully updated.
#  recipe to execute (from 'Makefile', line 20):
	@mkdir -p $(dir $@)
	@${CROSS_COMPILE}gcc ${ASM_FLAGS} -c -o $@ $<

clean:
#  Implicit rule search has not been done.
#  Modification time never checked.
#  File has not been updated.
#  recipe to execute (from 'Makefile', line 28):
	rm -rf output

# Not a target:
myOS/dev/i8253.c:
#  Implicit rule search has been done.
#  Last modified 2022-04-08 16:40:30
#  File has been updated.
#  Successfully updated.

# Not a target:
/home/cyh/os/oslab5/userApp/Makefile:
#  Implicit rule search has been done.
#  Last modified 2022-06-09 11:07:12.589097748
#  File has been updated.
#  Successfully updated.

output/myOS/lib/string.o: myOS/lib/string.c
#  Implicit rule search has been done.
#  Implicit/static pattern stem: 'myOS/lib/string'
#  Last modified 2022-06-18 21:21:19.019490943
#  File has been updated.
#  Successfully updated.
#  recipe to execute (from 'Makefile', line 24):
	@mkdir -p $(dir $@)
	@${CROSS_COMPILE}gcc -I myOS/include -I myOS ${C_FLAGS} -c -o $@ $<

# Not a target:
userApp/taskTestCase.c:
#  Implicit rule search has been done.
#  Last modified 2022-06-09 11:10:18.968084219
#  File has been updated.
#  Successfully updated.

# Not a target:
myOS/kernel/mem/pMemInit.c:
#  Implicit rule search has been done.
#  Last modified 2022-06-03 11:34:18
#  File has been updated.
#  Successfully updated.

output/myOS/lib/vsprintf.o: myOS/lib/vsprintf.c
#  Implicit rule search has been done.
#  Implicit/static pattern stem: 'myOS/lib/vsprintf'
#  Last modified 2022-06-18 21:21:19.003490936
#  File has been updated.
#  Successfully updated.
#  recipe to execute (from 'Makefile', line 24):
	@mkdir -p $(dir $@)
	@${CROSS_COMPILE}gcc -I myOS/include -I myOS ${C_FLAGS} -c -o $@ $<

# Not a target:
/home/cyh/os/oslab5/myOS/kernel/timer/Makefile:
#  Implicit rule search has been done.
#  Last modified 2022-04-08 17:18:44
#  File has been updated.
#  Successfully updated.

output/myOS/kernel/task/taskQueue.o: myOS/kernel/task/taskQueue.c
#  Implicit rule search has been done.
#  Implicit/static pattern stem: 'myOS/kernel/task/taskQueue'
#  Last modified 2022-06-18 21:21:19.143490996
#  File has been updated.
#  Successfully updated.
#  recipe to execute (from 'Makefile', line 24):
	@mkdir -p $(dir $@)
	@${CROSS_COMPILE}gcc -I myOS/include -I myOS ${C_FLAGS} -c -o $@ $<

output/myOS/printk/myPrintk.o: myOS/printk/myPrintk.c
#  Implicit rule search has been done.
#  Implicit/static pattern stem: 'myOS/printk/myPrintk'
#  Last modified 2022-06-18 21:21:18.983490927
#  File has been updated.
#  Successfully updated.
#  recipe to execute (from 'Makefile', line 24):
	@mkdir -p $(dir $@)
	@${CROSS_COMPILE}gcc -I myOS/include -I myOS ${C_FLAGS} -c -o $@ $<

# Not a target:
myOS/kernel/timer/tick.c:
#  Implicit rule search has been done.
#  Last modified 2022-04-08 22:06:02
#  File has been updated.
#  Successfully updated.

# Not a target:
multibootheader/multibootHeader.S:
#  Implicit rule search has been done.
#  Last modified 2022-03-15 15:04:04
#  File has been updated.
#  Successfully updated.

# Not a target:
myOS/dev/i8259A.c:
#  Implicit rule search has been done.
#  Last modified 2022-04-03 23:51:50
#  File has been updated.
#  Successfully updated.

# Not a target:
myOS/kernel/mem/dPartition.c:
#  Implicit rule search has been done.
#  Last modified 2022-05-17 17:06:18
#  File has been updated.
#  Successfully updated.

# Not a target:
/home/cyh/os/oslab5/myOS/kernel/task/Makefile:
#  Implicit rule search has been done.
#  Last modified 2022-06-17 23:23:01.564522797
#  File has been updated.
#  Successfully updated.

# Not a target:
myOS/kernel/mem/eFPartition.c:
#  Implicit rule search has been done.
#  Last modified 2022-05-17 17:06:26
#  File has been updated.
#  Successfully updated.

output/userApp/shell.o: userApp/shell.c
#  Implicit rule search has been done.
#  Implicit/static pattern stem: 'userApp/shell'
#  Last modified 2022-06-18 21:21:19.17549101
#  File has been updated.
#  Successfully updated.
#  recipe to execute (from 'Makefile', line 24):
	@mkdir -p $(dir $@)
	@${CROSS_COMPILE}gcc -I myOS/include -I myOS ${C_FLAGS} -c -o $@ $<

output/myOS/dev/uart.o: myOS/dev/uart.c
#  Implicit rule search has been done.
#  Implicit/static pattern stem: 'myOS/dev/uart'
#  Last modified 2022-06-18 21:21:18.891490888
#  File has been updated.
#  Successfully updated.
#  recipe to execute (from 'Makefile', line 24):
	@mkdir -p $(dir $@)
	@${CROSS_COMPILE}gcc -I myOS/include -I myOS ${C_FLAGS} -c -o $@ $<

# files hash-table stats:
# Load=69/1024=7%, Rehash=0, Collisions=8/219=4%
# VPATH Search Paths

# No 'vpath' search paths.

# No general ('VPATH' variable) search path.

# strcache buffers: 1 (0) / strings = 174 / storage = 3281 B / avg = 18 B
# current buf: size = 8162 B / used = 3281 B / count = 174 / avg = 18 B

# strcache performance: lookups = 253 / hit rate = 31%
# hash-table stats:
# Load=174/8192=2%, Rehash=0, Collisions=13/253=5%
# Finished Make data base on Sat Jun 18 21:21:52 2022

 
