
*** Running vivado
    with args -log top.vds -m64 -product Vivado -mode batch -messageDb vivado.pb -notrace -source top.tcl



****** Vivado v2021.2 (64-bit)
  **** SW Build 3367213 on Tue Oct 19 02:48:09 MDT 2021
  **** IP Build 3369179 on Thu Oct 21 08:25:16 MDT 2021
    ** Copyright 1986-2021 Xilinx, Inc. All Rights Reserved.

source top.tcl -notrace
Command: read_checkpoint -auto_incremental -incremental C:/Users/86138/project_4/project_4.srcs/utils_1/imports/synth_1/top.dcp
INFO: [Vivado 12-5825] Read reference checkpoint from C:/Users/86138/project_4/project_4.srcs/utils_1/imports/synth_1/top.dcp for incremental synthesis
INFO: [Vivado 12-7989] Please ensure there are no constraint changes
Command: synth_design -top top -part xc7a100tcsg324-1
Starting synth_design
Attempting to get a license for feature 'Synthesis' and/or device 'xc7a100t'
INFO: [Common 17-349] Got license for feature 'Synthesis' and/or device 'xc7a100t'
INFO: [Device 21-403] Loading part xc7a100tcsg324-1
WARNING: [Designutils 20-4072] Reference run did not run incremental synthesis because the design is too small; reverting to default synthesis
INFO: [Designutils 20-4379] Flow is switching to default flow due to incremental criteria not met. If you would like to alter this behaviour and have the flow terminate instead, please set the following parameter config_implementation {autoIncr.Synth.RejectBehavior Terminate}
INFO: [Synth 8-7079] Multithreading enabled for synth_design using a maximum of 2 processes.
INFO: [Synth 8-7078] Launching helper process for spawning children vivado processes
INFO: [Synth 8-7075] Helper process launched with PID 1184
---------------------------------------------------------------------------------
Starting RTL Elaboration : Time (s): cpu = 00:00:05 ; elapsed = 00:00:06 . Memory (MB): peak = 1254.910 ; gain = 0.000
---------------------------------------------------------------------------------
INFO: [Synth 8-6157] synthesizing module 'top' [C:/Users/86138/project_4/project_4.srcs/sources_1/new/top.v:23]
INFO: [Synth 8-6157] synthesizing module 'pdu' [C:/Users/86138/project_4/project_4.srcs/sources_1/new/pdu.v:23]
INFO: [Synth 8-226] default block is never used [C:/Users/86138/project_4/project_4.srcs/sources_1/new/pdu.v:278]
WARNING: [Synth 8-3936] Found unconnected internal register 'in_2r_reg' and it is trimmed from '5' to '2' bits. [C:/Users/86138/project_4/project_4.srcs/sources_1/new/pdu.v:97]
INFO: [Synth 8-6155] done synthesizing module 'pdu' (1#1) [C:/Users/86138/project_4/project_4.srcs/sources_1/new/pdu.v:23]
WARNING: [Synth 8-7071] port 'ctrl' of module 'pdu' is unconnected for instance 'pdu' [C:/Users/86138/project_4/project_4.srcs/sources_1/new/top.v:48]
WARNING: [Synth 8-7023] instance 'pdu' of module 'pdu' has 37 connections declared, but only 36 given [C:/Users/86138/project_4/project_4.srcs/sources_1/new/top.v:48]
INFO: [Synth 8-6157] synthesizing module 'mul_cpu' [C:/Users/86138/project_4/project_4.srcs/sources_1/new/mul_cpu.v:23]
INFO: [Synth 8-6157] synthesizing module 'ALU_control' [C:/Users/86138/project_4/project_4.srcs/sources_1/new/ALU_control.v:23]
INFO: [Synth 8-155] case statement is not full and has no default [C:/Users/86138/project_4/project_4.srcs/sources_1/new/ALU_control.v:39]
INFO: [Synth 8-155] case statement is not full and has no default [C:/Users/86138/project_4/project_4.srcs/sources_1/new/ALU_control.v:62]
INFO: [Synth 8-6155] done synthesizing module 'ALU_control' (2#1) [C:/Users/86138/project_4/project_4.srcs/sources_1/new/ALU_control.v:23]
INFO: [Synth 8-6157] synthesizing module 'register_pile' [C:/Users/86138/project_4/project_4.srcs/sources_1/new/register_pile.v:22]
WARNING: [Synth 8-6090] variable 'regfile' is written by both blocking and non-blocking assignments, entire logic could be removed [C:/Users/86138/project_4/project_4.srcs/sources_1/new/register_pile.v:53]
WARNING: [Synth 8-7137] Register regfile_reg[0] in module register_pile has both Set and reset with same priority. This may cause simulation mismatches. Consider rewriting code  [C:/Users/86138/project_4/project_4.srcs/sources_1/new/register_pile.v:47]
INFO: [Synth 8-6155] done synthesizing module 'register_pile' (3#1) [C:/Users/86138/project_4/project_4.srcs/sources_1/new/register_pile.v:22]
INFO: [Synth 8-6157] synthesizing module 'alu' [C:/Users/86138/project_4/project_4.srcs/sources_1/new/alu.v:23]
INFO: [Synth 8-6155] done synthesizing module 'alu' (4#1) [C:/Users/86138/project_4/project_4.srcs/sources_1/new/alu.v:23]
INFO: [Synth 8-6157] synthesizing module 'control_unit' [C:/Users/86138/project_4/project_4.srcs/sources_1/new/control_unit.v:23]
INFO: [Synth 8-6155] done synthesizing module 'control_unit' (5#1) [C:/Users/86138/project_4/project_4.srcs/sources_1/new/control_unit.v:23]
INFO: [Synth 8-6157] synthesizing module 'forwarding_unit' [C:/Users/86138/project_4/project_4.srcs/sources_1/new/forwarding_unit.v:23]
INFO: [Synth 8-6155] done synthesizing module 'forwarding_unit' (6#1) [C:/Users/86138/project_4/project_4.srcs/sources_1/new/forwarding_unit.v:23]
WARNING: [Synth 8-7071] port 'stallb' of module 'forwarding_unit' is unconnected for instance 'fu' [C:/Users/86138/project_4/project_4.srcs/sources_1/new/mul_cpu.v:355]
WARNING: [Synth 8-7023] instance 'fu' of module 'forwarding_unit' has 14 connections declared, but only 13 given [C:/Users/86138/project_4/project_4.srcs/sources_1/new/mul_cpu.v:355]
INFO: [Synth 8-6157] synthesizing module 'hazard_detection_unit' [C:/Users/86138/project_4/project_4.srcs/sources_1/new/hazard_detection_unit.v:23]
INFO: [Synth 8-6155] done synthesizing module 'hazard_detection_unit' (7#1) [C:/Users/86138/project_4/project_4.srcs/sources_1/new/hazard_detection_unit.v:23]
INFO: [Synth 8-6157] synthesizing module 'imm_gen' [C:/Users/86138/project_4/project_4.srcs/sources_1/new/imm_gen.v:23]
INFO: [Synth 8-6155] done synthesizing module 'imm_gen' (8#1) [C:/Users/86138/project_4/project_4.srcs/sources_1/new/imm_gen.v:23]
INFO: [Synth 8-6157] synthesizing module 'dist_mem_gen_1' [C:/Users/86138/project_4/project_4.runs/synth_1/.Xil/Vivado-7280-LAPTOP-00NBP5KM/realtime/dist_mem_gen_1_stub.v:6]
INFO: [Synth 8-6155] done synthesizing module 'dist_mem_gen_1' (9#1) [C:/Users/86138/project_4/project_4.runs/synth_1/.Xil/Vivado-7280-LAPTOP-00NBP5KM/realtime/dist_mem_gen_1_stub.v:6]
INFO: [Synth 8-6157] synthesizing module 'dist_mem_gen_0' [C:/Users/86138/project_4/project_4.runs/synth_1/.Xil/Vivado-7280-LAPTOP-00NBP5KM/realtime/dist_mem_gen_0_stub.v:6]
INFO: [Synth 8-6155] done synthesizing module 'dist_mem_gen_0' (10#1) [C:/Users/86138/project_4/project_4.runs/synth_1/.Xil/Vivado-7280-LAPTOP-00NBP5KM/realtime/dist_mem_gen_0_stub.v:6]
WARNING: [Synth 8-6014] Unused sequential element PCP_ID_reg was removed.  [C:/Users/86138/project_4/project_4.srcs/sources_1/new/mul_cpu.v:135]
WARNING: [Synth 8-6014] Unused sequential element rd1_EX_reg was removed.  [C:/Users/86138/project_4/project_4.srcs/sources_1/new/mul_cpu.v:165]
INFO: [Synth 8-6155] done synthesizing module 'mul_cpu' (11#1) [C:/Users/86138/project_4/project_4.srcs/sources_1/new/mul_cpu.v:23]
WARNING: [Synth 8-7071] port 'ctrl' of module 'mul_cpu' is unconnected for instance 'test' [C:/Users/86138/project_4/project_4.srcs/sources_1/new/top.v:98]
WARNING: [Synth 8-7023] instance 'test' of module 'mul_cpu' has 27 connections declared, but only 26 given [C:/Users/86138/project_4/project_4.srcs/sources_1/new/top.v:98]
INFO: [Synth 8-6155] done synthesizing module 'top' (12#1) [C:/Users/86138/project_4/project_4.srcs/sources_1/new/top.v:23]
WARNING: [Synth 8-7129] Port stallb in module forwarding_unit is either unconnected or has no load
---------------------------------------------------------------------------------
Finished RTL Elaboration : Time (s): cpu = 00:00:07 ; elapsed = 00:00:07 . Memory (MB): peak = 1254.910 ; gain = 0.000
---------------------------------------------------------------------------------
---------------------------------------------------------------------------------
Start Handling Custom Attributes
---------------------------------------------------------------------------------
---------------------------------------------------------------------------------
Finished Handling Custom Attributes : Time (s): cpu = 00:00:08 ; elapsed = 00:00:08 . Memory (MB): peak = 1254.910 ; gain = 0.000
---------------------------------------------------------------------------------
---------------------------------------------------------------------------------
Finished RTL Optimization Phase 1 : Time (s): cpu = 00:00:08 ; elapsed = 00:00:08 . Memory (MB): peak = 1254.910 ; gain = 0.000
---------------------------------------------------------------------------------
Netlist sorting complete. Time (s): cpu = 00:00:00 ; elapsed = 00:00:00.044 . Memory (MB): peak = 1254.910 ; gain = 0.000
INFO: [Project 1-570] Preparing netlist for logic optimization

Processing XDC Constraints
Initializing timing engine
Parsing XDC File [c:/Users/86138/project_4/project_4.gen/sources_1/ip/dist_mem_gen_0/dist_mem_gen_0/dist_mem_gen_0_in_context.xdc] for cell 'test/instruction'
Finished Parsing XDC File [c:/Users/86138/project_4/project_4.gen/sources_1/ip/dist_mem_gen_0/dist_mem_gen_0/dist_mem_gen_0_in_context.xdc] for cell 'test/instruction'
Parsing XDC File [c:/Users/86138/project_4/project_4.gen/sources_1/ip/dist_mem_gen_1/dist_mem_gen_1/dist_mem_gen_1_in_context.xdc] for cell 'test/data'
Finished Parsing XDC File [c:/Users/86138/project_4/project_4.gen/sources_1/ip/dist_mem_gen_1/dist_mem_gen_1/dist_mem_gen_1_in_context.xdc] for cell 'test/data'
Parsing XDC File [C:/Users/86138/project_4/project_4.srcs/constrs_1/new/top.xdc]
Finished Parsing XDC File [C:/Users/86138/project_4/project_4.srcs/constrs_1/new/top.xdc]
INFO: [Project 1-236] Implementation specific constraints were found while reading constraint file [C:/Users/86138/project_4/project_4.srcs/constrs_1/new/top.xdc]. These constraints will be ignored for synthesis but will be used in implementation. Impacted constraints are listed in the file [.Xil/top_propImpl.xdc].
Resolution: To avoid this warning, move constraints listed in [.Xil/top_propImpl.xdc] to another XDC file and exclude this new file from synthesis with the used_in_synthesis property (File Properties dialog in GUI) and re-run elaboration/synthesis.
Parsing XDC File [C:/Users/86138/project_4/project_4.runs/synth_1/dont_touch.xdc]
Finished Parsing XDC File [C:/Users/86138/project_4/project_4.runs/synth_1/dont_touch.xdc]
Completed Processing XDC Constraints

Netlist sorting complete. Time (s): cpu = 00:00:00 ; elapsed = 00:00:00.001 . Memory (MB): peak = 1254.910 ; gain = 0.000
INFO: [Project 1-111] Unisim Transformation Summary:
No Unisim elements were transformed.

Constraint Validation Runtime : Time (s): cpu = 00:00:00 ; elapsed = 00:00:00.012 . Memory (MB): peak = 1254.910 ; gain = 0.000
WARNING: [Designutils 20-4072] Reference run did not run incremental synthesis because the design is too small; reverting to default synthesis
INFO: [Designutils 20-4379] Flow is switching to default flow due to incremental criteria not met. If you would like to alter this behaviour and have the flow terminate instead, please set the following parameter config_implementation {autoIncr.Synth.RejectBehavior Terminate}
---------------------------------------------------------------------------------
Finished Constraint Validation : Time (s): cpu = 00:00:15 ; elapsed = 00:00:16 . Memory (MB): peak = 1254.910 ; gain = 0.000
---------------------------------------------------------------------------------
---------------------------------------------------------------------------------
Start Loading Part and Timing Information
---------------------------------------------------------------------------------
Loading part: xc7a100tcsg324-1
---------------------------------------------------------------------------------
Finished Loading Part and Timing Information : Time (s): cpu = 00:00:15 ; elapsed = 00:00:16 . Memory (MB): peak = 1254.910 ; gain = 0.000
---------------------------------------------------------------------------------
---------------------------------------------------------------------------------
Start Applying 'set_property' XDC Constraints
---------------------------------------------------------------------------------
Applied set_property KEEP_HIERARCHY = SOFT for test/instruction. (constraint file  auto generated constraint).
Applied set_property KEEP_HIERARCHY = SOFT for test/data. (constraint file  auto generated constraint).
---------------------------------------------------------------------------------
Finished applying 'set_property' XDC Constraints : Time (s): cpu = 00:00:15 ; elapsed = 00:00:16 . Memory (MB): peak = 1254.910 ; gain = 0.000
---------------------------------------------------------------------------------
WARNING: [Synth 8-327] inferring latch for variable 'ALUcode_reg_reg' [C:/Users/86138/project_4/project_4.srcs/sources_1/new/ALU_control.v:35]
---------------------------------------------------------------------------------
Finished RTL Optimization Phase 2 : Time (s): cpu = 00:00:16 ; elapsed = 00:00:16 . Memory (MB): peak = 1254.910 ; gain = 0.000
---------------------------------------------------------------------------------
---------------------------------------------------------------------------------
Start RTL Component Statistics 
---------------------------------------------------------------------------------
Detailed RTL Component Info : 
+---Adders : 
	   3 Input   32 Bit       Adders := 1     
	   2 Input   32 Bit       Adders := 2     
	   2 Input    5 Bit       Adders := 1     
	   2 Input    3 Bit       Adders := 1     
	   2 Input    2 Bit       Adders := 3     
+---XORs : 
	   2 Input     32 Bit         XORs := 1     
	   2 Input      1 Bit         XORs := 3     
+---Registers : 
	               32 Bit    Registers := 51    
	                8 Bit    Registers := 1     
	                5 Bit    Registers := 9     
	                4 Bit    Registers := 1     
	                3 Bit    Registers := 2     
	                2 Bit    Registers := 5     
	                1 Bit    Registers := 9     
+---Muxes : 
	   4 Input   32 Bit        Muxes := 10    
	   2 Input   32 Bit        Muxes := 21    
	   6 Input   32 Bit        Muxes := 1     
	   5 Input   32 Bit        Muxes := 1     
	   2 Input   26 Bit        Muxes := 1     
	   2 Input    8 Bit        Muxes := 1     
	   2 Input    5 Bit        Muxes := 6     
	   4 Input    5 Bit        Muxes := 1     
	   2 Input    4 Bit        Muxes := 1     
	   2 Input    3 Bit        Muxes := 3     
	   7 Input    3 Bit        Muxes := 1     
	   4 Input    3 Bit        Muxes := 1     
	   6 Input    3 Bit        Muxes := 1     
	   2 Input    2 Bit        Muxes := 14    
	   8 Input    2 Bit        Muxes := 2     
	   2 Input    1 Bit        Muxes := 44    
	   4 Input    1 Bit        Muxes := 5     
	   7 Input    1 Bit        Muxes := 7     
---------------------------------------------------------------------------------
Finished RTL Component Statistics 
---------------------------------------------------------------------------------
---------------------------------------------------------------------------------
Start Part Resource Summary
---------------------------------------------------------------------------------
Part Resources:
DSPs: 240 (col length:80)
BRAMs: 270 (col length: RAMB18 80 RAMB36 40)
---------------------------------------------------------------------------------
Finished Part Resource Summary
---------------------------------------------------------------------------------
---------------------------------------------------------------------------------
Start Cross Boundary and Area Optimization
---------------------------------------------------------------------------------
WARNING: [Synth 8-7080] Parallel synthesis criteria is not met
WARNING: [Synth 8-7129] Port stallb in module forwarding_unit is either unconnected or has no load
---------------------------------------------------------------------------------
Finished Cross Boundary and Area Optimization : Time (s): cpu = 00:00:29 ; elapsed = 00:00:30 . Memory (MB): peak = 1254.910 ; gain = 0.000
---------------------------------------------------------------------------------
---------------------------------------------------------------------------------
Start Applying XDC Timing Constraints
---------------------------------------------------------------------------------
---------------------------------------------------------------------------------
Finished Applying XDC Timing Constraints : Time (s): cpu = 00:00:35 ; elapsed = 00:00:36 . Memory (MB): peak = 1254.910 ; gain = 0.000
---------------------------------------------------------------------------------
---------------------------------------------------------------------------------
Start Timing Optimization
---------------------------------------------------------------------------------
---------------------------------------------------------------------------------
Finished Timing Optimization : Time (s): cpu = 00:00:35 ; elapsed = 00:00:36 . Memory (MB): peak = 1254.910 ; gain = 0.000
---------------------------------------------------------------------------------
---------------------------------------------------------------------------------
Start Technology Mapping
---------------------------------------------------------------------------------
---------------------------------------------------------------------------------
Finished Technology Mapping : Time (s): cpu = 00:00:37 ; elapsed = 00:00:38 . Memory (MB): peak = 1290.051 ; gain = 35.141
---------------------------------------------------------------------------------
---------------------------------------------------------------------------------
Start IO Insertion
---------------------------------------------------------------------------------
---------------------------------------------------------------------------------
Start Flattening Before IO Insertion
---------------------------------------------------------------------------------
---------------------------------------------------------------------------------
Finished Flattening Before IO Insertion
---------------------------------------------------------------------------------
---------------------------------------------------------------------------------
Start Final Netlist Cleanup
---------------------------------------------------------------------------------
---------------------------------------------------------------------------------
Finished Final Netlist Cleanup
---------------------------------------------------------------------------------
---------------------------------------------------------------------------------
Finished IO Insertion : Time (s): cpu = 00:00:42 ; elapsed = 00:00:43 . Memory (MB): peak = 1304.820 ; gain = 49.910
---------------------------------------------------------------------------------
---------------------------------------------------------------------------------
Start Renaming Generated Instances
---------------------------------------------------------------------------------
---------------------------------------------------------------------------------
Finished Renaming Generated Instances : Time (s): cpu = 00:00:42 ; elapsed = 00:00:43 . Memory (MB): peak = 1304.820 ; gain = 49.910
---------------------------------------------------------------------------------
---------------------------------------------------------------------------------
Start Rebuilding User Hierarchy
---------------------------------------------------------------------------------
---------------------------------------------------------------------------------
Finished Rebuilding User Hierarchy : Time (s): cpu = 00:00:42 ; elapsed = 00:00:43 . Memory (MB): peak = 1304.820 ; gain = 49.910
---------------------------------------------------------------------------------
---------------------------------------------------------------------------------
Start Renaming Generated Ports
---------------------------------------------------------------------------------
---------------------------------------------------------------------------------
Finished Renaming Generated Ports : Time (s): cpu = 00:00:42 ; elapsed = 00:00:43 . Memory (MB): peak = 1304.820 ; gain = 49.910
---------------------------------------------------------------------------------
---------------------------------------------------------------------------------
Start Handling Custom Attributes
---------------------------------------------------------------------------------
---------------------------------------------------------------------------------
Finished Handling Custom Attributes : Time (s): cpu = 00:00:42 ; elapsed = 00:00:43 . Memory (MB): peak = 1304.820 ; gain = 49.910
---------------------------------------------------------------------------------
---------------------------------------------------------------------------------
Start Renaming Generated Nets
---------------------------------------------------------------------------------
---------------------------------------------------------------------------------
Finished Renaming Generated Nets : Time (s): cpu = 00:00:42 ; elapsed = 00:00:43 . Memory (MB): peak = 1304.820 ; gain = 49.910
---------------------------------------------------------------------------------
---------------------------------------------------------------------------------
Start Writing Synthesis Report
---------------------------------------------------------------------------------

Report BlackBoxes: 
+------+---------------+----------+
|      |BlackBox name  |Instances |
+------+---------------+----------+
|1     |dist_mem_gen_1 |         1|
|2     |dist_mem_gen_0 |         1|
+------+---------------+----------+

Report Cell Usage: 
+------+-------------+------+
|      |Cell         |Count |
+------+-------------+------+
|1     |dist_mem_gen |     2|
|3     |BUFG         |     2|
|4     |CARRY4       |    32|
|5     |LUT1         |     8|
|6     |LUT2         |   265|
|7     |LUT3         |   140|
|8     |LUT4         |    89|
|9     |LUT5         |    91|
|10    |LUT6         |  1364|
|11    |MUXF7        |   435|
|12    |MUXF8        |   156|
|13    |FDCE         |  1629|
|14    |FDPE         |    21|
|15    |FDRE         |    12|
|16    |LDP          |     3|
|17    |IBUF         |    10|
|18    |OBUF         |    15|
+------+-------------+------+
---------------------------------------------------------------------------------
Finished Writing Synthesis Report : Time (s): cpu = 00:00:42 ; elapsed = 00:00:43 . Memory (MB): peak = 1304.820 ; gain = 49.910
---------------------------------------------------------------------------------
Synthesis finished with 0 errors, 0 critical warnings and 3 warnings.
Synthesis Optimization Runtime : Time (s): cpu = 00:00:32 ; elapsed = 00:00:41 . Memory (MB): peak = 1304.820 ; gain = 49.910
Synthesis Optimization Complete : Time (s): cpu = 00:00:42 ; elapsed = 00:00:43 . Memory (MB): peak = 1304.820 ; gain = 49.910
INFO: [Project 1-571] Translating synthesized netlist
Netlist sorting complete. Time (s): cpu = 00:00:00 ; elapsed = 00:00:00.041 . Memory (MB): peak = 1316.875 ; gain = 0.000
INFO: [Netlist 29-17] Analyzing 626 Unisim elements for replacement
INFO: [Netlist 29-28] Unisim Transformation completed in 0 CPU seconds
INFO: [Project 1-570] Preparing netlist for logic optimization
INFO: [Opt 31-138] Pushed 0 inverter(s) to 0 load pin(s).
Netlist sorting complete. Time (s): cpu = 00:00:00 ; elapsed = 00:00:00.001 . Memory (MB): peak = 1320.551 ; gain = 0.000
INFO: [Project 1-111] Unisim Transformation Summary:
  A total of 3 instances were transformed.
  LDP => LDPE: 3 instances

Synth Design complete, checksum: f44b81cf
INFO: [Common 17-83] Releasing license: Synthesis
46 Infos, 17 Warnings, 0 Critical Warnings and 0 Errors encountered.
synth_design completed successfully
synth_design: Time (s): cpu = 00:00:47 ; elapsed = 00:00:49 . Memory (MB): peak = 1320.551 ; gain = 65.641
INFO: [Common 17-1381] The checkpoint 'C:/Users/86138/project_4/project_4.runs/synth_1/top.dcp' has been generated.
INFO: [runtcl-4] Executing : report_utilization -file top_utilization_synth.rpt -pb top_utilization_synth.pb
INFO: [Common 17-206] Exiting Vivado at Thu Apr 28 20:11:30 2022...
