make all --print-data-base --no-builtin-variables --no-builtin-rules --question
# GNU Make 4.2.1
# Built for x86_64-pc-linux-gnu
# Copyright (C) 1988-2016 Free Software Foundation, Inc.
# License GPLv3+: GNU GPL version 3 or later <http://gnu.org/licenses/gpl.html>
# This is free software: you are free to change and redistribute it.
# There is NO WARRANTY, to the extent permitted by law.

# Make data base, printed on Sun Apr 10 13:18:20 2022

# Variables

# 'override' directive
GNUMAKEFLAGS := 
# automatic
<D = $(patsubst %/,%,$(dir $<))
# automatic
?F = $(notdir $?)
# environment
DESKTOP_SESSION = ubuntu
# default
.SHELLFLAGS := -c
# environment
XDG_SESSION_CLASS = user
# environment
XDG_SESSION_TYPE = x11
# environment
VSCODE_LOG_NATIVE = false
# automatic
?D = $(patsubst %/,%,$(dir $?))
# environment
IM_CONFIG_PHASE = 1
# automatic
@D = $(patsubst %/,%,$(dir $@))
# environment
XAUTHORITY = /run/user/1000/gdm/Xauthority
# environment
GDMSESSION = ubuntu
# environment
XMODIFIERS = @im=fcitx
# makefile
CURDIR := /home/cyh/os/Lab2/src
# makefile
SHELL = /bin/sh
# environment
VSCODE_NLS_CONFIG = {"locale":"zh-cn","availableLanguages":{"*":"zh-cn"},"_languagePackId":"7e2798734d22b5386c06852fa8a7c560.zh-cn","_translationsConfigFile":"/home/cyh/.config/Code/clp/7e2798734d22b5386c06852fa8a7c560.zh-cn/tcf.json","_cacheRoot":"/home/cyh/.config/Code/clp/7e2798734d22b5386c06852fa8a7c560.zh-cn","_resolvedLanguagePackCoreLocation":"/home/cyh/.config/Code/clp/7e2798734d22b5386c06852fa8a7c560.zh-cn/379476f0e13988d90fab105c5c19e7abc8b1dea8","_corruptedFile":"/home/cyh/.config/Code/clp/7e2798734d22b5386c06852fa8a7c560.zh-cn/corrupted.info","_languagePackSupport":true}
# environment
_ = /usr/share/code/code
# environment
JOURNAL_STREAM = 8:31732
# environment
XDG_CONFIG_DIRS = /etc/xdg/xdg-ubuntu:/etc/xdg
# makefile (from '/home/cyh/os/Lab2/src/userApp/Makefile', line 1)
MAKEFILE_LIST :=  Makefile /home/cyh/os/Lab2/src/myOS/Makefile /home/cyh/os/Lab2/src/myOS/dev/Makefile /home/cyh/os/Lab2/src/myOS/i386/Makefile /home/cyh/os/Lab2/src/myOS/printk/Makefile /home/cyh/os/Lab2/src/myOS/lib/Makefile /home/cyh/os/Lab2/src/userApp/Makefile
# automatic
@F = $(notdir $@)
# environment
GIO_LAUNCHED_DESKTOP_FILE = /usr/share/applications/code.desktop
# environment
USERNAME = cyh
# environment
MAKELEVEL := 0
# environment
XDG_DATA_DIRS = /usr/share/ubuntu:/usr/local/share/:/usr/share/:/var/lib/snapd/desktop
# environment
DBUS_SESSION_BUS_ADDRESS = unix:path=/run/user/1000/bus
# environment
VSCODE_VERBOSE_LOGGING = true
# environment
MANAGERPID = 1285
# environment
CLUTTER_IM_MODULE = fcitx
# environment
LESSOPEN = | /usr/bin/lesspipe %s
# environment
LC_NAME = zh_CN.UTF-8
# environment
VSCODE_CWD = /home/cyh
# default
MAKE_HOST := x86_64-pc-linux-gnu
# environment
PATH = /home/cyh/.local/bin:/home/cyh/bin:/home/cyh/anaconda3/bin:/home/cyh/.local/bin:/home/cyh/bin:/usr/local/sbin:/usr/local/bin:/usr/sbin:/usr/bin:/sbin:/bin:/usr/games:/usr/local/games:/snap/bin:/usr/local/cuda-11.4/bin
# makefile (from '/home/cyh/os/Lab2/src/myOS/lib/Makefile', line 1)
LIB_OBJS = output/myOS/lib/vsprintf.o
# environment
GPG_AGENT_INFO = /run/user/1000/gnupg/S.gpg-agent:0:1
# environment
GJS_DEBUG_OUTPUT = stderr
# environment
SESSION_MANAGER = local/cyh-ROG-Strix-G732LWS-G732LWS:@/tmp/.ICE-unix/1611,unix/cyh-ROG-Strix-G732LWS-G732LWS:/tmp/.ICE-unix/1611
# environment
XDG_RUNTIME_DIR = /run/user/1000
# environment
XDG_MENU_PREFIX = gnome-
# environment
VSCODE_LOG_STACK = false
# environment
VSCODE_CRASH_REPORTER_START_OPTIONS = {"companyName":"Microsoft","productName":"VSCode","submitURL":"appcenter://code?aid=fba07a4d-84bd-4fc8-a125-9640fc8ce171&uid=81604646-013e-413f-8d57-431a6bafab2c&iid=81604646-013e-413f-8d57-431a6bafab2c&sid=81604646-013e-413f-8d57-431a6bafab2c","uploadToServer":true}
# environment
INVOCATION_ID = 6ff36d10c8b948f3869d7bc69a809466
# default
.FEATURES := target-specific order-only second-expansion else-if shortest-stem undefine oneshell archives jobserver output-sync check-symlink load
# makefile (from 'Makefile', line 4)
ASM_FLAGS = -m32 --pipe -Wall -fasm -g -O1 -fno-stack-protector	
# environment
LS_COLORS = 
# environment
XDG_SESSION_DESKTOP = ubuntu
# environment
SSH_AUTH_SOCK = /run/user/1000/keyring/ssh
# environment
GIO_LAUNCHED_DESKTOP_FILE_PID = 4897
# automatic
%F = $(notdir $%)
# environment
DISPLAY = :0
# makefile (from '/home/cyh/os/Lab2/src/myOS/dev/Makefile', line 1)
DEV_OBJS = output/myOS/dev/uart.o output/myOS/dev/vga.o
# environment
GTK_IM_MODULE = fcitx
# environment
VSCODE_PIPE_LOGGING = true
# environment
PWD = /home/cyh/os/Lab2/src
# default
.LOADED := 
# environment
SSH_AGENT_PID = 1566
# makefile (from '/home/cyh/os/Lab2/src/myOS/Makefile', line 6)
MYOS_OBJS = output/myOS/start32.o output/myOS/osStart.o ${DEV_OBJS} ${I386_OBJS} ${PRINTK_OBJS} ${LIB_OBJS}
# environment
ORIGINAL_XDG_CURRENT_DESKTOP = ubuntu:GNOME
# environment
GTK_MODULES = gail:atk-bridge
# environment
VSCODE_AMD_ENTRYPOINT = vs/workbench/services/extensions/node/extensionHostProcess
# environment
HOME = /home/cyh
# environment
LD_LIBRARY_PATH = :/usr/local/cuda-11.4/lib64
# environment
LESSCLOSE = /usr/bin/lesspipe %s %s
# environment
VSCODE_CODE_CACHE_PATH = /home/cyh/.config/Code/CachedData/379476f0e13988d90fab105c5c19e7abc8b1dea8
# makefile (from '/home/cyh/os/Lab2/src/myOS/printk/Makefile', line 1)
PRINTK_OBJS = output/myOS/printk/myPrintk.o
# environment
LOGNAME = cyh
# environment
APPLICATION_INSIGHTS_NO_DIAGNOSTIC_CHANNEL = true
# automatic
+F = $(notdir $+)
# environment
VSCODE_HANDLES_UNCAUGHT_ERRORS = true
# environment
GNOME_DESKTOP_SESSION_ID = this-is-deprecated
# automatic
^D = $(patsubst %/,%,$(dir $^))
# environment
LC_TIME = zh_CN.UTF-8
# default
MAKE = $(MAKE_COMMAND)
# default
MAKECMDGOALS := all
# environment
QT_IM_MODULE = fcitx
# environment
SHLVL = 0
# makefile (from 'Makefile', line 14)
OS_OBJS = ${MYOS_OBJS} ${USER_APP_OBJS}
# environment
GNOME_SHELL_SESSION_MODE = ubuntu
# environment
VSCODE_IPC_HOOK_EXTHOST = /run/user/1000/vscode-ipc-2b0b14f4-23b7-4d53-be40-1c21c6e25269.sock
# default
MAKE_VERSION := 4.2.1
# environment
USER = cyh
# environment
LC_MONETARY = zh_CN.UTF-8
# makefile
.DEFAULT_GOAL := all
# environment
XDG_CURRENT_DESKTOP = Unity
# automatic
%D = $(patsubst %/,%,$(dir $%))
# environment
LC_TELEPHONE = zh_CN.UTF-8
# default
MAKE_COMMAND := make
# default
.VARIABLES := 
# automatic
*F = $(notdir $*)
# environment
LANGUAGE = zh_CN:zh:en_US:en
# environment
VSCODE_IPC_HOOK = /run/user/1000/vscode-40045b5f-1.59.0-main.sock
# makefile
MAKEFLAGS = pqrR
# environment
MFLAGS = -pqrR
# automatic
*D = $(patsubst %/,%,$(dir $*))
# environment
BREAKPAD_DUMP_LOCATION = /home/cyh/.config/Code/exthost Crash Reports
# automatic
+D = $(patsubst %/,%,$(dir $+))
# environment
GDK_BACKEND = x11
# environment
LC_PAPER = zh_CN.UTF-8
# makefile (from 'Makefile', line 1)
SRC_RT = $(shell pwd)
# environment
QT_ACCESSIBILITY = 1
# environment
CUDA_HOME = :/usr/local/cuda-11.4
# makefile (from 'Makefile', line 3)
CROSS_COMPILE = 
# makefile (from '/home/cyh/os/Lab2/src/myOS/i386/Makefile', line 1)
I386_OBJS = output/myOS/i386/io.o
# 'override' directive
.SHELLSTATUS := 0
# default
MAKEFILES := 
# environment
LC_NUMERIC = zh_CN.UTF-8
# environment
VSCODE_BROWSER_CODE_LOADING = bypassHeatCheck
# automatic
<F = $(notdir $<)
# makefile (from '/home/cyh/os/Lab2/src/userApp/Makefile', line 1)
USER_APP_OBJS = output/userApp/main.o
# makefile (from 'Makefile', line 10)
MULTI_BOOT_HEADER = output/multibootheader/multibootHeader.o
# environment
ELECTRON_RUN_AS_NODE = 1
# environment
LC_MEASUREMENT = zh_CN.UTF-8
# makefile (from 'Makefile', line 5)
C_FLAGS = -m32 -fno-stack-protector -fno-builtin -g
# environment
LC_ALL = C
# environment
QT4_IM_MODULE = fcitx
# environment
GJS_DEBUG_TOPICS = JS ERROR;JS LOG
# automatic
^F = $(notdir $^)
# default
SUFFIXES := 
# environment
CHROME_DESKTOP = code-url-handler.desktop
# environment
WINDOWPATH = 2
# default
.INCLUDE_DIRS = /usr/include /usr/local/include /usr/include
# environment
LC_IDENTIFICATION = zh_CN.UTF-8
# default
.RECIPEPREFIX := 
# environment
LC_ADDRESS = zh_CN.UTF-8
# environment
LANG = C
# environment
VSCODE_PID = 4897
# variable set hash-table stats:
# Load=128/1024=12%, Rehash=0, Collisions=28/202=14%

# Pattern-specific Variable Values

# No pattern-specific variable values.

# Directories

# . (device 2056, inode 2758074): 9 files, no impossibilities.
# multibootheader (device 2056, inode 2757977): 2 files, no impossibilities so far.
 
# myOS/lib (device 2056, inode 2758006): 4 files, no impossibilities.
# myOS/dev (device 2056, inode 2757982): 5 files, no impossibilities.
# userApp (device 2056, inode 2758018): 4 files, no impossibilities.
# myOS/printk (device 2056, inode 2758012): 4 files, no impossibilities.
# myOS (device 2056, inode 2757980): 12 files, no impossibilities.
# myOS/i386 (device 2056, inode 2757988): 4 files, no impossibilities.

# 44 files, no impossibilities in 8 directories.

# Implicit Rules

output/%.o: %.S
#  recipe to execute (from 'Makefile', line 20):
	@mkdir -p $(dir $@)
	@${CROSS_COMPILE}gcc ${ASM_FLAGS} -c -o $@ $<

output/%.o: %.c
#  recipe to execute (from 'Makefile', line 24):
	@mkdir -p $(dir $@)
	@${CROSS_COMPILE}gcc -I myOS/include -I myOS ${C_FLAGS} -c -o $@ $<

# 2 implicit rules, 0 (0.0%) terminal.

# Files

# Not a target:
myOS/osStart.c:
#  Implicit rule search has been done.
#  Last modified 2022-03-26 21:41:12.124619146
#  File has been updated.
#  Successfully updated.

output/myOS/dev/vga.o: myOS/dev/vga.c
#  Implicit rule search has been done.
#  Implicit/static pattern stem: 'myOS/dev/vga'
#  Last modified 2022-03-28 22:27:17.668609829
#  File has been updated.
#  Successfully updated.
#  recipe to execute (from 'Makefile', line 24):
	@mkdir -p $(dir $@)
	@${CROSS_COMPILE}gcc -I myOS/include -I myOS ${C_FLAGS} -c -o $@ $<

output/myOS/i386/io.o: myOS/i386/io.c
#  Implicit rule search has been done.
#  Implicit/static pattern stem: 'myOS/i386/io'
#  Last modified 2022-03-28 22:27:17.692608802
#  File has been updated.
#  Successfully updated.
#  recipe to execute (from 'Makefile', line 24):
	@mkdir -p $(dir $@)
	@${CROSS_COMPILE}gcc -I myOS/include -I myOS ${C_FLAGS} -c -o $@ $<

all: output/myOS.elf
#  Phony target (prerequisite of .PHONY).
#  Command line target.
#  Implicit rule search has not been done.
#  File does not exist.
#  File has been updated.
#  Successfully updated.

.PHONY: all
#  Implicit rule search has not been done.
#  Modification time never checked.
#  File has not been updated.

output/myOS.elf: output/myOS/start32.o output/myOS/osStart.o output/myOS/dev/uart.o output/myOS/dev/vga.o output/myOS/i386/io.o output/myOS/printk/myPrintk.o output/myOS/lib/vsprintf.o output/userApp/main.o output/multibootheader/multibootHeader.o
#  Implicit rule search has not been done.
#  Last modified 2022-03-28 22:27:18.088591844
#  File has been updated.
#  Successfully updated.
#  recipe to execute (from 'Makefile', line 17):
	${CROSS_COMPILE}ld -n -T myOS/myOS.ld ${MULTI_BOOT_HEADER} ${OS_OBJS} -o output/myOS.elf

# Not a target:
/home/cyh/os/Lab2/src/myOS/Makefile:
#  Implicit rule search has been done.
#  Last modified 2022-03-15 17:09:54
#  File has been updated.
#  Successfully updated.

# Not a target:
myOS/start32.S:
#  Implicit rule search has been done.
#  Last modified 2022-03-28 10:12:07.524072512
#  File has been updated.
#  Successfully updated.

# Not a target:
Makefile:
#  Implicit rule search has been done.
#  Last modified 2022-03-19 20:16:48
#  File has been updated.
#  Successfully updated.

output/multibootheader/multibootHeader.o: multibootheader/multibootHeader.S
#  Implicit rule search has been done.
#  Implicit/static pattern stem: 'multibootheader/multibootHeader'
#  Last modified 2022-03-28 22:27:17.968596994
#  File has been updated.
#  Successfully updated.
#  recipe to execute (from 'Makefile', line 20):
	@mkdir -p $(dir $@)
	@${CROSS_COMPILE}gcc ${ASM_FLAGS} -c -o $@ $<

output/userApp/main.o: userApp/main.c
#  Implicit rule search has been done.
#  Implicit/static pattern stem: 'userApp/main'
#  Last modified 2022-03-28 22:27:17.952597679
#  File has been updated.
#  Successfully updated.
#  recipe to execute (from 'Makefile', line 24):
	@mkdir -p $(dir $@)
	@${CROSS_COMPILE}gcc -I myOS/include -I myOS ${C_FLAGS} -c -o $@ $<

# Not a target:
/home/cyh/os/Lab2/src/myOS/dev/Makefile:
#  Implicit rule search has been done.
#  Last modified 2022-03-12 13:57:43
#  File has been updated.
#  Successfully updated.

# Not a target:
/home/cyh/os/Lab2/src/myOS/printk/Makefile:
#  Implicit rule search has been done.
#  Last modified 2021-05-03 01:53:28
#  File has been updated.
#  Successfully updated.

# Not a target:
myOS/lib/vsprintf.c:
#  Implicit rule search has been done.
#  Last modified 2022-03-26 15:59:38.303033
#  File has been updated.
#  Successfully updated.

output/myOS/osStart.o: myOS/osStart.c
#  Implicit rule search has been done.
#  Implicit/static pattern stem: 'myOS/osStart'
#  Last modified 2022-03-28 22:27:17.480617871
#  File has been updated.
#  Successfully updated.
#  recipe to execute (from 'Makefile', line 24):
	@mkdir -p $(dir $@)
	@${CROSS_COMPILE}gcc -I myOS/include -I myOS ${C_FLAGS} -c -o $@ $<

# Not a target:
myOS/printk/myPrintk.c:
#  Implicit rule search has been done.
#  Last modified 2022-03-26 20:51:50.723673954
#  File has been updated.
#  Successfully updated.

# Not a target:
userApp/main.c:
#  Implicit rule search has been done.
#  Last modified 2022-03-26 16:10:08.573155719
#  File has been updated.
#  Successfully updated.

# Not a target:
/home/cyh/os/Lab2/src/myOS/lib/Makefile:
#  Implicit rule search has been done.
#  Last modified 2022-03-15 13:22:03
#  File has been updated.
#  Successfully updated.

# Not a target:
.DEFAULT:
#  Implicit rule search has not been done.
#  Modification time never checked.
#  File has not been updated.

# Not a target:
myOS/dev/uart.c:
#  Implicit rule search has been done.
#  Last modified 2022-03-26 21:31:02.317799776
#  File has been updated.
#  Successfully updated.

output/myOS/start32.o: myOS/start32.S
#  Implicit rule search has been done.
#  Implicit/static pattern stem: 'myOS/start32'
#  Last modified 2022-03-28 22:27:16.808646584
#  File has been updated.
#  Successfully updated.
#  recipe to execute (from 'Makefile', line 20):
	@mkdir -p $(dir $@)
	@${CROSS_COMPILE}gcc ${ASM_FLAGS} -c -o $@ $<

# Not a target:
myOS/dev/vga.c:
#  Implicit rule search has been done.
#  Last modified 2022-03-28 11:03:13.878364398
#  File has been updated.
#  Successfully updated.

# Not a target:
myOS/i386/io.c:
#  Implicit rule search has been done.
#  Last modified 2022-03-25 21:32:54.374623429
#  File has been updated.
#  Successfully updated.

clean:
#  Implicit rule search has not been done.
#  Modification time never checked.
#  File has not been updated.
#  recipe to execute (from 'Makefile', line 28):
	rm -rf output

# Not a target:
/home/cyh/os/Lab2/src/myOS/i386/Makefile:
#  Implicit rule search has been done.
#  Last modified 2022-03-12 13:56:52
#  File has been updated.
#  Successfully updated.

output/myOS/lib/vsprintf.o: myOS/lib/vsprintf.c
#  Implicit rule search has been done.
#  Implicit/static pattern stem: 'myOS/lib/vsprintf'
#  Last modified 2022-03-28 22:27:17.896600074
#  File has been updated.
#  Successfully updated.
#  recipe to execute (from 'Makefile', line 24):
	@mkdir -p $(dir $@)
	@${CROSS_COMPILE}gcc -I myOS/include -I myOS ${C_FLAGS} -c -o $@ $<

# Not a target:
/home/cyh/os/Lab2/src/userApp/Makefile:
#  Implicit rule search has been done.
#  Last modified 2022-03-12 14:05:07
#  File has been updated.
#  Successfully updated.

output/myOS/printk/myPrintk.o: myOS/printk/myPrintk.c
#  Implicit rule search has been done.
#  Implicit/static pattern stem: 'myOS/printk/myPrintk'
#  Last modified 2022-03-28 22:27:17.756606064
#  File has been updated.
#  Successfully updated.
#  recipe to execute (from 'Makefile', line 24):
	@mkdir -p $(dir $@)
	@${CROSS_COMPILE}gcc -I myOS/include -I myOS ${C_FLAGS} -c -o $@ $<

# Not a target:
multibootheader/multibootHeader.S:
#  Implicit rule search has been done.
#  Last modified 2022-03-25 12:03:16.342658149
#  File has been updated.
#  Successfully updated.

output/myOS/dev/uart.o: myOS/dev/uart.c
#  Implicit rule search has been done.
#  Implicit/static pattern stem: 'myOS/dev/uart'
#  Last modified 2022-03-28 22:27:17.59261308
#  File has been updated.
#  Successfully updated.
#  recipe to execute (from 'Makefile', line 24):
	@mkdir -p $(dir $@)
	@${CROSS_COMPILE}gcc -I myOS/include -I myOS ${C_FLAGS} -c -o $@ $<

# files hash-table stats:
# Load=31/1024=3%, Rehash=0, Collisions=0/94=0%
# VPATH Search Paths

# No 'vpath' search paths.

# No general ('VPATH' variable) search path.

# strcache buffers: 1 (0) / strings = 80 / storage = 1259 B / avg = 15 B
# current buf: size = 8162 B / used = 1259 B / count = 80 / avg = 15 B

# strcache performance: lookups = 129 / hit rate = 37%
# hash-table stats:
# Load=80/8192=1%, Rehash=0, Collisions=9/129=7%
# Finished Make data base on Sun Apr 10 13:18:20 2022

 
